<?xml version="1.0" encoding="UTF-8"?>
<robot generator="Robot 3.1.2 (Python 3.7.4 on win32)" generated="20201221 13:16:52.077" rpa="false">
<suite id="s1" name="TC02-kombauFilterVorgangsNr" source="D:\Robotframework\TestCases\TC02-kombauFilterVorgangsNr.robot">
<test id="s1-t1" name="Filter anwenden">
<kw name="Open kombau" library="LoginKeywords" type="setup">
<arguments>
<arg>${URL}</arg>
<arg>${Browser}</arg>
</arguments>
<kw name="Open Browser" library="SeleniumLibrary">
<doc>Opens a new browser instance to the given ``url``.</doc>
<arguments>
<arg>${URL}</arg>
<arg>${Browser}</arg>
</arguments>
<msg timestamp="20201221 13:16:52.353" level="INFO">Opening browser 'chrome' to base url 'https://kombau-au.dbnetze.com/login'.</msg>
<status status="PASS" starttime="20201221 13:16:52.353" endtime="20201221 13:16:57.368"></status>
</kw>
<kw name="Maximize Browser Window" library="SeleniumLibrary">
<doc>Maximizes current browser window.</doc>
<status status="PASS" starttime="20201221 13:16:57.368" endtime="20201221 13:16:59.504"></status>
</kw>
<status status="PASS" starttime="20201221 13:16:52.353" endtime="20201221 13:16:59.504"></status>
</kw>
<kw name="Login in kombau" library="LoginKeywords">
<arguments>
<arg>${username}</arg>
<arg>${password}</arg>
</arguments>
<kw name="Input Text" library="SeleniumLibrary">
<doc>Types the given ``text`` into text field identified by ``locator``.</doc>
<arguments>
<arg>${txt_username}</arg>
<arg>${username}</arg>
</arguments>
<msg timestamp="20201221 13:16:59.504" level="INFO">Typing text 'user' into text field 'id:username'.</msg>
<status status="PASS" starttime="20201221 13:16:59.504" endtime="20201221 13:16:59.678"></status>
</kw>
<kw name="Input Text" library="SeleniumLibrary">
<doc>Types the given ``text`` into text field identified by ``locator``.</doc>
<arguments>
<arg>${txt_passwort}</arg>
<arg>${password}</arg>
</arguments>
<msg timestamp="20201221 13:16:59.679" level="INFO">Typing text 'test' into text field 'id:password'.</msg>
<status status="PASS" starttime="20201221 13:16:59.678" endtime="20201221 13:16:59.844"></status>
</kw>
<kw name="Click Button" library="SeleniumLibrary">
<doc>Clicks button identified by ``locator``.</doc>
<arguments>
<arg>${btn_Anmelden}</arg>
</arguments>
<msg timestamp="20201221 13:16:59.844" level="INFO">Clicking button 'id:login'.</msg>
<status status="PASS" starttime="20201221 13:16:59.844" endtime="20201221 13:16:59.942"></status>
</kw>
<status status="PASS" starttime="20201221 13:16:59.504" endtime="20201221 13:16:59.942"></status>
</kw>
<kw name="Wait Until Page Contains" library="SeleniumLibrary">
<doc>Waits until ``text`` appears on current page.</doc>
<arguments>
<arg>Filtereinstellungen</arg>
</arguments>
<status status="PASS" starttime="20201221 13:16:59.943" endtime="20201221 13:17:01.164"></status>
</kw>
<kw name="Filter Vorgangs-Nr" library="FilterKeywords">
<arguments>
<arg>${VorgangsNr}</arg>
</arguments>
<kw name="Input Text" library="SeleniumLibrary">
<doc>Types the given ``text`` into text field identified by ``locator``.</doc>
<arguments>
<arg>${txt_VorgangsNr}</arg>
<arg>${VorgangsNr}</arg>
</arguments>
<msg timestamp="20201221 13:17:01.166" level="INFO">Typing text '20001' into text field 'id:vorgnr-0'.</msg>
<status status="PASS" starttime="20201221 13:17:01.166" endtime="20201221 13:17:02.070"></status>
</kw>
<status status="PASS" starttime="20201221 13:17:01.165" endtime="20201221 13:17:02.070"></status>
</kw>
<kw name="Wochentag" library="FilterKeywords">
<kw name="Click Element" library="SeleniumLibrary">
<doc>Click element identified by ``locator``.</doc>
<arguments>
<arg>${Samstag}</arg>
</arguments>
<msg timestamp="20201221 13:17:02.070" level="INFO">Clicking element 'id:Sa'.</msg>
<status status="PASS" starttime="20201221 13:17:02.070" endtime="20201221 13:17:02.233"></status>
</kw>
<kw name="Click Element" library="SeleniumLibrary">
<doc>Click element identified by ``locator``.</doc>
<arguments>
<arg>${Sonntag}</arg>
</arguments>
<msg timestamp="20201221 13:17:02.234" level="INFO">Clicking element 'id:So'.</msg>
<status status="PASS" starttime="20201221 13:17:02.234" endtime="20201221 13:17:02.516"></status>
</kw>
<status status="PASS" starttime="20201221 13:17:02.070" endtime="20201221 13:17:02.517"></status>
</kw>
<kw name="Execute Javascript" library="SeleniumLibrary">
<doc>Executes the given JavaScript code with possible arguments.</doc>
<arguments>
<arg>window.scrollTo(0,1000)</arg>
</arguments>
<msg timestamp="20201221 13:17:02.518" level="INFO">Executing JavaScript:
window.scrollTo(0,1000)
Without any arguments.</msg>
<status status="PASS" starttime="20201221 13:17:02.517" endtime="20201221 13:17:02.529"></status>
</kw>
<kw name="Filter anwenden" library="FilterKeywords">
<kw name="Click Button" library="SeleniumLibrary">
<doc>Clicks button identified by ``locator``.</doc>
<arguments>
<arg>${Btn_Filteranwenden}</arg>
</arguments>
<msg timestamp="20201221 13:17:02.530" level="INFO">Clicking button 'id:applyFilter'.</msg>
<status status="PASS" starttime="20201221 13:17:02.530" endtime="20201221 13:17:02.717"></status>
</kw>
<kw name="Click Element" library="SeleniumLibrary">
<doc>Click element identified by ``locator``.</doc>
<arguments>
<arg>${BM_Tab}</arg>
</arguments>
<msg timestamp="20201221 13:17:02.717" level="INFO">Clicking element 'xpath://a[@id='tabs-tab-BAUSTELLEN_TREE']'.</msg>
<status status="PASS" starttime="20201221 13:17:02.717" endtime="20201221 13:17:03.871"></status>
</kw>
<status status="PASS" starttime="20201221 13:17:02.529" endtime="20201221 13:17:03.871"></status>
</kw>
<kw name="Wait Until Page Contains" library="SeleniumLibrary">
<doc>Waits until ``text`` appears on current page.</doc>
<arguments>
<arg>20001</arg>
</arguments>
<status status="PASS" starttime="20201221 13:17:03.872" endtime="20201221 13:17:04.919"></status>
</kw>
<kw name="Click Link" library="SeleniumLibrary">
<doc>Clicks a link identified by ``locator``.</doc>
<arguments>
<arg>//a[@id="tabs-tab-LAUFWEGE_TREE"]</arg>
</arguments>
<msg timestamp="20201221 13:17:04.921" level="INFO">Clicking link '//a[@id="tabs-tab-LAUFWEGE_TREE"]'.</msg>
<status status="PASS" starttime="20201221 13:17:04.920" endtime="20201221 13:17:08.267"></status>
</kw>
<kw name="Click Element" library="SeleniumLibrary">
<doc>Click element identified by ``locator``.</doc>
<arguments>
<arg>xpath=(//th[@class="text--font-muted text--font-small"])[6]</arg>
</arguments>
<msg timestamp="20201221 13:17:08.268" level="INFO">Clicking element 'xpath=(//th[@class="text--font-muted text--font-small"])[6]'.</msg>
<kw name="Capture Page Screenshot" library="SeleniumLibrary">
<doc>Takes screenshot of the current page and embeds it into log file.</doc>
<msg timestamp="20201221 13:17:08.871" level="INFO" html="yes">&lt;/td&gt;&lt;/tr&gt;&lt;tr&gt;&lt;td colspan="3"&gt;&lt;a href="selenium-screenshot-1.png"&gt;&lt;img src="selenium-screenshot-1.png" width="800px"&gt;&lt;/a&gt;</msg>
<status status="PASS" starttime="20201221 13:17:08.310" endtime="20201221 13:17:08.871"></status>
</kw>
<msg timestamp="20201221 13:17:08.877" level="FAIL">Element with locator 'xpath=(//th[@class="text--font-muted text--font-small"])[6]' not found.</msg>
<status status="FAIL" starttime="20201221 13:17:08.268" endtime="20201221 13:17:08.877"></status>
</kw>
<kw name="kombau schliessen" library="LoginKeywords" type="teardown">
<kw name="Close Browser" library="SeleniumLibrary">
<doc>Closes the current browser.</doc>
<status status="PASS" starttime="20201221 13:17:08.887" endtime="20201221 13:17:11.214"></status>
</kw>
<status status="PASS" starttime="20201221 13:17:08.886" endtime="20201221 13:17:11.214"></status>
</kw>
<doc>My first Test in Robotframework Filter anwenden</doc>
<tags>
<tag>KombauFilter</tag>
</tags>
<status status="FAIL" starttime="20201221 13:16:52.353" endtime="20201221 13:17:11.214" critical="yes">Element with locator 'xpath=(//th[@class="text--font-muted text--font-small"])[6]' not found.</status>
</test>
<status status="FAIL" starttime="20201221 13:16:52.077" endtime="20201221 13:17:11.214"></status>
</suite>
<statistics>
<total>
<stat pass="0" fail="1">Critical Tests</stat>
<stat pass="0" fail="1">All Tests</stat>
</total>
<tag>
<stat pass="0" fail="1">KombauFilter</stat>
</tag>
<suite>
<stat pass="0" fail="1" id="s1" name="TC02-kombauFilterVorgangsNr">TC02-kombauFilterVorgangsNr</stat>
</suite>
</statistics>
<errors>
</errors>
</robot>
