<?xml version="1.0" encoding="UTF-8"?>
<robot generator="Robot 3.1.2 (Python 3.7.4 on win32)" generated="20201220 22:26:34.160" rpa="false">
<suite id="s1" name="TC01-kombauLogin" source="D:\Robotframework\TestCases\TC01-kombauLogin.robot">
<test id="s1-t1" name="Login Test">
<kw name="Open kombau" library="LoginKeywords" type="setup">
<arguments>
<arg>${URL}</arg>
<arg>${Browser}</arg>
</arguments>
<kw name="Open Browser" library="SeleniumLibrary">
<doc>Opens a new browser instance to the given ``url``.</doc>
<arguments>
<arg>${URL}</arg>
<arg>${Browser}</arg>
</arguments>
<msg timestamp="20201220 22:26:34.432" level="INFO">Opening browser 'chrome' to base url 'https://kombau-au.dbnetze.com/login'.</msg>
<status status="PASS" starttime="20201220 22:26:34.431" endtime="20201220 22:26:39.383"></status>
</kw>
<kw name="Maximize Browser Window" library="SeleniumLibrary">
<doc>Maximizes current browser window.</doc>
<status status="PASS" starttime="20201220 22:26:39.383" endtime="20201220 22:26:41.545"></status>
</kw>
<status status="PASS" starttime="20201220 22:26:34.431" endtime="20201220 22:26:41.545"></status>
</kw>
<kw name="Given Login in kombau" library="LoginKeywords">
<arguments>
<arg>${username}</arg>
<arg>${password}</arg>
</arguments>
<kw name="Input Text" library="SeleniumLibrary">
<doc>Types the given ``text`` into text field identified by ``locator``.</doc>
<arguments>
<arg>${txt_username}</arg>
<arg>${username}</arg>
</arguments>
<msg timestamp="20201220 22:26:41.547" level="INFO">Typing text 'user' into text field 'id:username'.</msg>
<status status="PASS" starttime="20201220 22:26:41.547" endtime="20201220 22:26:41.754"></status>
</kw>
<kw name="Input Text" library="SeleniumLibrary">
<doc>Types the given ``text`` into text field identified by ``locator``.</doc>
<arguments>
<arg>${txt_passwort}</arg>
<arg>${password}</arg>
</arguments>
<msg timestamp="20201220 22:26:41.754" level="INFO">Typing text 'test' into text field 'id:password'.</msg>
<status status="PASS" starttime="20201220 22:26:41.754" endtime="20201220 22:26:41.905"></status>
</kw>
<kw name="Click Button" library="SeleniumLibrary">
<doc>Clicks button identified by ``locator``.</doc>
<arguments>
<arg>${btn_Anmelden}</arg>
</arguments>
<msg timestamp="20201220 22:26:41.906" level="INFO">Clicking button 'id:login'.</msg>
<status status="PASS" starttime="20201220 22:26:41.906" endtime="20201220 22:26:41.997"></status>
</kw>
<status status="PASS" starttime="20201220 22:26:41.546" endtime="20201220 22:26:41.997"></status>
</kw>
<kw name="Get Title" library="SeleniumLibrary">
<doc>Returns the title of current page.</doc>
<assign>
<var>${PageTitle}</var>
</assign>
<msg timestamp="20201220 22:26:42.003" level="INFO">${PageTitle} = Kommunikationsplattform Bau</msg>
<status status="PASS" starttime="20201220 22:26:41.997" endtime="20201220 22:26:42.003"></status>
</kw>
<kw name="Log" library="BuiltIn">
<doc>Logs the given message with the given level.</doc>
<arguments>
<arg>${PageTitle}</arg>
</arguments>
<msg timestamp="20201220 22:26:42.004" level="INFO">Kommunikationsplattform Bau</msg>
<status status="PASS" starttime="20201220 22:26:42.003" endtime="20201220 22:26:42.004"></status>
</kw>
<kw name="Then wait until page contains" library="SeleniumLibrary">
<doc>Waits until ``text`` appears on current page.</doc>
<arguments>
<arg>Filtereinstellungen</arg>
</arguments>
<status status="PASS" starttime="20201220 22:26:42.004" endtime="20201220 22:26:43.225"></status>
</kw>
<kw name="And capture page screenshot" library="SeleniumLibrary">
<doc>Takes screenshot of the current page and embeds it into log file.</doc>
<arguments>
<arg>D:/Robotframework/Screenshots/TC01.png</arg>
</arguments>
<msg timestamp="20201220 22:26:44.869" level="INFO" html="yes">&lt;/td&gt;&lt;/tr&gt;&lt;tr&gt;&lt;td colspan="3"&gt;&lt;a href="../Screenshots/TC01.png"&gt;&lt;img src="../Screenshots/TC01.png" width="800px"&gt;&lt;/a&gt;</msg>
<status status="PASS" starttime="20201220 22:26:43.226" endtime="20201220 22:26:44.869"></status>
</kw>
<kw name="Get Selenium Speed" library="SeleniumLibrary">
<doc>Gets the delay that is waited after each Selenium command.</doc>
<assign>
<var>${Speed}</var>
</assign>
<msg timestamp="20201220 22:26:44.870" level="INFO">${Speed} = 0 seconds</msg>
<status status="PASS" starttime="20201220 22:26:44.870" endtime="20201220 22:26:44.870"></status>
</kw>
<kw name="Log" library="BuiltIn">
<doc>Logs the given message with the given level.</doc>
<arguments>
<arg>${Speed}</arg>
</arguments>
<msg timestamp="20201220 22:26:44.877" level="INFO">0 seconds</msg>
<status status="PASS" starttime="20201220 22:26:44.877" endtime="20201220 22:26:44.877"></status>
</kw>
<kw name="Get Text" library="SeleniumLibrary">
<doc>Returns the text value of element identified by ``locator``.</doc>
<arguments>
<arg>${FilterEinstellung}</arg>
</arguments>
<assign>
<var>${FilterEinstellungValue}</var>
</assign>
<msg timestamp="20201220 22:26:46.945" level="INFO">${FilterEinstellungValue} = Filtereinstellungen</msg>
<status status="PASS" starttime="20201220 22:26:44.878" endtime="20201220 22:26:46.946"></status>
</kw>
<kw name="Log" library="BuiltIn">
<doc>Logs the given message with the given level.</doc>
<arguments>
<arg>${FilterEinstellungValue}</arg>
</arguments>
<msg timestamp="20201220 22:26:46.956" level="INFO">Filtereinstellungen</msg>
<status status="PASS" starttime="20201220 22:26:46.955" endtime="20201220 22:26:46.956"></status>
</kw>
<kw name="Click Logo" library="LoginKeywords">
<kw name="Click Element" library="SeleniumLibrary">
<doc>Click element identified by ``locator``.</doc>
<arguments>
<arg>//img[@id="logo"]</arg>
</arguments>
<msg timestamp="20201220 22:26:46.957" level="INFO">Clicking element '//img[@id="logo"]'.</msg>
<status status="PASS" starttime="20201220 22:26:46.957" endtime="20201220 22:26:48.768"></status>
</kw>
<kw name="Run Keyword And Return Status" library="BuiltIn">
<doc>Runs the given keyword with given arguments and returns the status as a Boolean value.</doc>
<arguments>
<arg>Wait Until Element is Visible</arg>
<arg>//button[@id="closeFilterPanel"]</arg>
<arg>5</arg>
</arguments>
<assign>
<var>${Status}</var>
</assign>
<kw name="Wait Until Element Is Visible" library="SeleniumLibrary">
<doc>Waits until element ``locator`` is visible.</doc>
<arguments>
<arg>//button[@id="closeFilterPanel"]</arg>
<arg>5</arg>
</arguments>
<status status="PASS" starttime="20201220 22:26:48.769" endtime="20201220 22:26:49.228"></status>
</kw>
<msg timestamp="20201220 22:26:49.228" level="INFO">${Status} = True</msg>
<status status="PASS" starttime="20201220 22:26:48.768" endtime="20201220 22:26:49.229"></status>
</kw>
<kw name="Run Keyword Unless" library="BuiltIn">
<doc>Runs the given keyword with the given arguments if ``condition`` is false.</doc>
<arguments>
<arg>${Status}</arg>
<arg>Wait And Click</arg>
<arg>//img[@id="logo"]</arg>
</arguments>
<status status="PASS" starttime="20201220 22:26:49.229" endtime="20201220 22:26:49.230"></status>
</kw>
<kw name="Log" library="BuiltIn">
<doc>Logs the given message with the given level.</doc>
<arguments>
<arg>${Status}</arg>
</arguments>
<msg timestamp="20201220 22:26:49.231" level="INFO">True</msg>
<status status="PASS" starttime="20201220 22:26:49.231" endtime="20201220 22:26:49.232"></status>
</kw>
<status status="PASS" starttime="20201220 22:26:46.956" endtime="20201220 22:26:49.232"></status>
</kw>
<kw name="kombau schliessen" library="LoginKeywords" type="teardown">
<kw name="Close Browser" library="SeleniumLibrary">
<doc>Closes the current browser.</doc>
<status status="PASS" starttime="20201220 22:26:49.234" endtime="20201220 22:26:52.722"></status>
</kw>
<status status="PASS" starttime="20201220 22:26:49.233" endtime="20201220 22:26:52.723"></status>
</kw>
<doc>My first Test in Robotframework</doc>
<tags>
<tag>KombauLogin</tag>
</tags>
<status status="PASS" starttime="20201220 22:26:34.430" endtime="20201220 22:26:52.724" critical="yes"></status>
</test>
<status status="PASS" starttime="20201220 22:26:34.164" endtime="20201220 22:26:52.731"></status>
</suite>
<statistics>
<total>
<stat pass="1" fail="0">Critical Tests</stat>
<stat pass="1" fail="0">All Tests</stat>
</total>
<tag>
<stat pass="1" fail="0">KombauLogin</stat>
</tag>
<suite>
<stat pass="1" fail="0" id="s1" name="TC01-kombauLogin">TC01-kombauLogin</stat>
</suite>
</statistics>
<errors>
</errors>
</robot>
