<?xml version="1.0" encoding="UTF-8"?>
<robot generator="Robot 3.1.2 (Python 3.7.4 on win32)" generated="20201224 11:33:40.724" rpa="false">
<suite id="s1" name="TC02-SearchProducts" source="D:\Robotframework\TestCases\TC02-SearchProducts.robot">
<test id="s1-t1" name="Search Products in nopcommerce">
<kw name="Open nopcommerce" library="LoginKeywords" type="setup">
<arguments>
<arg>${URL}</arg>
<arg>${Browser}</arg>
</arguments>
<kw name="Open Browser" library="SeleniumLibrary">
<doc>Opens a new browser instance to the given ``url``.</doc>
<arguments>
<arg>${URL}</arg>
<arg>${Browser}</arg>
</arguments>
<msg timestamp="20201224 11:33:40.978" level="INFO">Opening browser 'chrome' to base url 'https://demo.nopcommerce.com'.</msg>
<status status="PASS" starttime="20201224 11:33:40.978" endtime="20201224 11:33:46.403"></status>
</kw>
<kw name="Maximize Browser Window" library="SeleniumLibrary">
<doc>Maximizes current browser window.</doc>
<status status="PASS" starttime="20201224 11:33:46.403" endtime="20201224 11:33:48.561"></status>
</kw>
<status status="PASS" starttime="20201224 11:33:40.978" endtime="20201224 11:33:48.562"></status>
</kw>
<kw name="Login in nopcommerce" library="LoginKeywords">
<arguments>
<arg>${username}</arg>
<arg>${password}</arg>
</arguments>
<kw name="Click Element" library="SeleniumLibrary">
<doc>Click element identified by ``locator``.</doc>
<arguments>
<arg>${Login}</arg>
</arguments>
<msg timestamp="20201224 11:33:48.567" level="INFO">Clicking element 'xpath://a[text()='Log in']'.</msg>
<status status="PASS" starttime="20201224 11:33:48.566" endtime="20201224 11:33:49.908"></status>
</kw>
<kw name="Clear Element Text" library="SeleniumLibrary">
<doc>Clears the value of text entry element identified by ``locator``.</doc>
<arguments>
<arg>${txt_email}</arg>
</arguments>
<status status="PASS" starttime="20201224 11:33:49.908" endtime="20201224 11:33:49.969"></status>
</kw>
<kw name="Clear Element Text" library="SeleniumLibrary">
<doc>Clears the value of text entry element identified by ``locator``.</doc>
<arguments>
<arg>${txt_passwort}</arg>
</arguments>
<status status="PASS" starttime="20201224 11:33:49.969" endtime="20201224 11:33:50.027"></status>
</kw>
<kw name="Sleep" library="BuiltIn">
<doc>Pauses the test executed for the given time.</doc>
<arguments>
<arg>5 seconds</arg>
</arguments>
<msg timestamp="20201224 11:33:55.034" level="INFO">Slept 5 seconds</msg>
<status status="PASS" starttime="20201224 11:33:50.028" endtime="20201224 11:33:55.034"></status>
</kw>
<kw name="Input Text" library="SeleniumLibrary">
<doc>Types the given ``text`` into text field identified by ``locator``.</doc>
<arguments>
<arg>${txt_email}</arg>
<arg>${username}</arg>
</arguments>
<msg timestamp="20201224 11:33:55.034" level="INFO">Typing text 'khattab.mennat@googlemail.com' into text field 'id:Email'.</msg>
<status status="PASS" starttime="20201224 11:33:55.034" endtime="20201224 11:33:55.189"></status>
</kw>
<kw name="Input Text" library="SeleniumLibrary">
<doc>Types the given ``text`` into text field identified by ``locator``.</doc>
<arguments>
<arg>${txt_passwort}</arg>
<arg>${password}</arg>
</arguments>
<msg timestamp="20201224 11:33:55.190" level="INFO">Typing text 'Deutschland#31' into text field 'id:Password'.</msg>
<status status="PASS" starttime="20201224 11:33:55.189" endtime="20201224 11:33:55.309"></status>
</kw>
<kw name="Click Button" library="SeleniumLibrary">
<doc>Clicks button identified by ``locator``.</doc>
<arguments>
<arg>${btn_Anmelden}</arg>
</arguments>
<msg timestamp="20201224 11:33:55.310" level="INFO">Clicking button 'xpath://input[@class='button-1 login-button']'.</msg>
<status status="PASS" starttime="20201224 11:33:55.310" endtime="20201224 11:33:57.209"></status>
</kw>
<status status="PASS" starttime="20201224 11:33:48.564" endtime="20201224 11:33:57.209"></status>
</kw>
<kw name="SearchProducts" library="SearchKeywords">
<arguments>
<arg>${Mac}</arg>
</arguments>
<kw name="Input Text" library="SeleniumLibrary">
<doc>Types the given ``text`` into text field identified by ``locator``.</doc>
<arguments>
<arg>${txt_search}</arg>
<arg>${Mac}</arg>
</arguments>
<msg timestamp="20201224 11:33:57.211" level="INFO">Typing text 'Mac' into text field 'xpath://input[@id='small-searchterms']'.</msg>
<status status="PASS" starttime="20201224 11:33:57.210" endtime="20201224 11:33:57.321"></status>
</kw>
<kw name="Click Button" library="SeleniumLibrary">
<doc>Clicks button identified by ``locator``.</doc>
<arguments>
<arg>${btn_search}</arg>
</arguments>
<msg timestamp="20201224 11:33:57.322" level="INFO">Clicking button 'xpath://input[@class='button-1 search-box-button']'.</msg>
<status status="PASS" starttime="20201224 11:33:57.322" endtime="20201224 11:33:57.396"></status>
</kw>
<status status="PASS" starttime="20201224 11:33:57.209" endtime="20201224 11:33:57.397"></status>
</kw>
<kw name="Sleep" library="BuiltIn">
<doc>Pauses the test executed for the given time.</doc>
<arguments>
<arg>20 seconds</arg>
</arguments>
<msg timestamp="20201224 11:34:17.402" level="INFO">Slept 20 seconds</msg>
<status status="PASS" starttime="20201224 11:33:57.397" endtime="20201224 11:34:17.402"></status>
</kw>
<kw name="nopcommerce schliessen" library="LoginKeywords" type="teardown">
<kw name="Close Browser" library="SeleniumLibrary">
<doc>Closes the current browser.</doc>
<status status="PASS" starttime="20201224 11:34:17.402" endtime="20201224 11:34:19.656"></status>
</kw>
<status status="PASS" starttime="20201224 11:34:17.402" endtime="20201224 11:34:19.656"></status>
</kw>
<doc>Autotest Test in Robotframework</doc>
<tags>
<tag>SearchProductsInNopCommerce</tag>
</tags>
<status status="PASS" starttime="20201224 11:33:40.971" endtime="20201224 11:34:19.656" critical="yes"></status>
</test>
<status status="PASS" starttime="20201224 11:33:40.740" endtime="20201224 11:34:19.656"></status>
</suite>
<statistics>
<total>
<stat pass="1" fail="0">Critical Tests</stat>
<stat pass="1" fail="0">All Tests</stat>
</total>
<tag>
<stat pass="1" fail="0">SearchProductsInNopCommerce</stat>
</tag>
<suite>
<stat pass="1" fail="0" id="s1" name="TC02-SearchProducts">TC02-SearchProducts</stat>
</suite>
</statistics>
<errors>
</errors>
</robot>
